<?xml version="1.0" encoding="UTF-8"?>
<testsuite xmlns:xsi="http://www.w3.org/2001/XMLSchema-instance" xsi:noNamespaceSchemaLocation="https://maven.apache.org/surefire/maven-surefire-plugin/xsd/surefire-test-report.xsd" name="OrderCreationTests" time="20.923" tests="4" errors="0" skipped="0" failures="0">
  <properties>
[...]
</properties>
  <testcase name="createOrderWithAuth" classname="OrderCreationTests" time="10.026"/>
  <testcase name="notCreateOrderWithInvalidIngredients" classname="OrderCreationTests" time="2.83"/>
  <testcase name="createOrderWithoutAuth" classname="OrderCreationTests" time="4.315"/>
  <testcase name="notCreateOrderWithoutIngredients" classname="OrderCreationTests" time="3.204"/>
</testsuite>